#
# There is insufficient memory for the Java Runtime Environment to continue.
# Native memory allocation (malloc) failed to allocate 170496 bytes for Chunk::new
# Possible reasons:
#   The system is out of physical RAM or swap space
#   The process is running with CompressedOops enabled, and the Java Heap may be blocking the growth of the native heap
# Possible solutions:
#   Reduce memory load on the system
#   Increase physical memory or swap space
#   Check if swap backing store is full
#   Decrease Java heap size (-Xmx/-Xms)
#   Decrease number of Java threads
#   Decrease Java thread stack sizes (-Xss)
#   Set larger code cache with -XX:ReservedCodeCacheSize=
#   JVM is running with Unscaled Compressed Oops mode in which the Java heap is
#     placed in the first 4GB address space. The Java Heap base address is the
#     maximum limit for the native heap growth. Please use -XX:HeapBaseMinAddress
#     to set the Java Heap base and to place the Java Heap above 4GB virtual address.
# This output file may be truncated or incomplete.
#
#  Out of Memory Error (./open/src/hotspot/share/memory/arena.cpp:197), pid=13936, tid=43052
#
# JRE version: Java(TM) SE Runtime Environment 18.9 (11.0.18+9) (build 11.0.18+9-LTS-195)
# Java VM: Java HotSpot(TM) 64-Bit Server VM 18.9 (11.0.18+9-LTS-195, mixed mode, tiered, compressed oops, g1 gc, windows-amd64)
# No core dump will be written. Minidumps are not enabled by default on client versions of Windows
#

---------------  S U M M A R Y ------------

Command Line: -XX:MaxMetaspaceSize=512m --add-opens=java.base/java.util=ALL-UNNAMED --add-opens=java.base/java.lang=ALL-UNNAMED --add-opens=java.base/java.lang.invoke=ALL-UNNAMED --add-opens=java.prefs/java.util.prefs=ALL-UNNAMED --add-opens=java.base/java.nio.charset=ALL-UNNAMED --add-opens=java.base/java.net=ALL-UNNAMED --add-opens=java.base/java.util.concurrent.atomic=ALL-UNNAMED -Xmx2048m -Dfile.encoding=windows-1252 -Duser.country=ID -Duser.language=en -Duser.variant org.gradle.launcher.daemon.bootstrap.GradleDaemon 8.0.1

Host: AMD Ryzen 5 5600H with Radeon Graphics         , 12 cores, 13G,  Windows 11 , 64 bit Build 22621 (10.0.22621.2215)
Time: Thu Oct 12 11:37:37 2023 SE Asia Standard Time elapsed time: 120.753470 seconds (0d 0h 2m 0s)

---------------  T H R E A D  ---------------

Current thread (0x00000215f9bb6000):  JavaThread "C2 CompilerThread0" daemon [_thread_in_native, id=43052, stack(0x0000006604c00000,0x0000006604d00000)]


Current CompileTask:
C2: 120753 4161       4       java.util.StringJoiner::toString (181 bytes)

Stack: [0x0000006604c00000,0x0000006604d00000]
Native frames: (J=compiled Java code, j=interpreted, Vv=VM code, C=native code)
V  [jvm.dll+0x65d8aa]
V  [jvm.dll+0x79fc1f]
V  [jvm.dll+0x7a12e9]
V  [jvm.dll+0x7a1983]
V  [jvm.dll+0x2585b5]
V  [jvm.dll+0xb284c]
V  [jvm.dll+0xb2e0c]
V  [jvm.dll+0x2c9c42]
V  [jvm.dll+0x56d7dc]
V  [jvm.dll+0x210b87]
V  [jvm.dll+0x212de9]
V  [jvm.dll+0x210264]
V  [jvm.dll+0x18c641]
V  [jvm.dll+0x220609]
V  [jvm.dll+0x21e92c]
V  [jvm.dll+0x763f61]
V  [jvm.dll+0x75c924]
V  [jvm.dll+0x65c755]
C  [ucrtbase.dll+0x29363]
C  [KERNEL32.DLL+0x1257d]
C  [ntdll.dll+0x5aa68]


---------------  P R O C E S S  ---------------

Threads class SMR info:
_java_thread_list=0x00000215feaf7f00, length=35, elements={
0x00000215daeb5800, 0x00000215f9371000, 0x00000215f9374800, 0x00000215f9bb1800,
0x00000215f9bb3000, 0x00000215f9bb5000, 0x00000215f9bb6000, 0x00000215f9c2a800,
0x00000215f9c30000, 0x00000215f9d8e800, 0x00000215fbf6c800, 0x00000215fafbb800,
0x00000215fa94e000, 0x00000215fae97800, 0x00000215faabe800, 0x00000215fc47d800,
0x00000215fbbea800, 0x00000215fa2d8000, 0x00000215fc222800, 0x00000215fc21e800,
0x00000215fc223000, 0x00000215fc21f000, 0x00000215fc21d800, 0x00000215fc220000,
0x00000215fc224000, 0x00000215fc220800, 0x00000215fc221800, 0x00000215fbe98000,
0x00000215fbe98800, 0x00000215fbe95800, 0x00000215fbe99800, 0x00000215fbe9c000,
0x00000215fbe96000, 0x00000215fbe9d800, 0x00000215fbe9e800
}

Java Threads: ( => current thread )
  0x00000215daeb5800 JavaThread "main" [_thread_blocked, id=37740, stack(0x0000006604000000,0x0000006604100000)]
  0x00000215f9371000 JavaThread "Reference Handler" daemon [_thread_blocked, id=42396, stack(0x0000006604700000,0x0000006604800000)]
  0x00000215f9374800 JavaThread "Finalizer" daemon [_thread_blocked, id=42272, stack(0x0000006604800000,0x0000006604900000)]
  0x00000215f9bb1800 JavaThread "Signal Dispatcher" daemon [_thread_blocked, id=7948, stack(0x0000006604900000,0x0000006604a00000)]
  0x00000215f9bb3000 JavaThread "Attach Listener" daemon [_thread_blocked, id=37588, stack(0x0000006604a00000,0x0000006604b00000)]
  0x00000215f9bb5000 JavaThread "Service Thread" daemon [_thread_blocked, id=24488, stack(0x0000006604b00000,0x0000006604c00000)]
=>0x00000215f9bb6000 JavaThread "C2 CompilerThread0" daemon [_thread_in_native, id=43052, stack(0x0000006604c00000,0x0000006604d00000)]
  0x00000215f9c2a800 JavaThread "C1 CompilerThread0" daemon [_thread_blocked, id=43024, stack(0x0000006604d00000,0x0000006604e00000)]
  0x00000215f9c30000 JavaThread "Sweeper thread" daemon [_thread_blocked, id=41160, stack(0x0000006604e00000,0x0000006604f00000)]
  0x00000215f9d8e800 JavaThread "Common-Cleaner" daemon [_thread_blocked, id=43032, stack(0x0000006604f00000,0x0000006605000000)]
  0x00000215fbf6c800 JavaThread "Daemon health stats" [_thread_blocked, id=31340, stack(0x0000006605500000,0x0000006605600000)]
  0x00000215fafbb800 JavaThread "Incoming local TCP Connector on port 49454" [_thread_in_native, id=11116, stack(0x0000006605600000,0x0000006605700000)]
  0x00000215fa94e000 JavaThread "Daemon periodic checks" [_thread_blocked, id=32076, stack(0x0000006605700000,0x0000006605800000)]
  0x00000215fae97800 JavaThread "Daemon" [_thread_blocked, id=43988, stack(0x0000006605800000,0x0000006605900000)]
  0x00000215faabe800 JavaThread "Handler for socket connection from /127.0.0.1:49454 to /127.0.0.1:49456" [_thread_in_native, id=43996, stack(0x0000006605900000,0x0000006605a00000)]
  0x00000215fc47d800 JavaThread "Cancel handler" [_thread_blocked, id=14484, stack(0x0000006605a00000,0x0000006605b00000)]
  0x00000215fbbea800 JavaThread "Daemon worker" [_thread_in_Java, id=45292, stack(0x0000006605b00000,0x0000006605c00000)]
  0x00000215fa2d8000 JavaThread "Asynchronous log dispatcher for DefaultDaemonConnection: socket connection from /127.0.0.1:49454 to /127.0.0.1:49456" [_thread_blocked, id=41096, stack(0x0000006605c00000,0x0000006605d00000)]
  0x00000215fc222800 JavaThread "Daemon client event forwarder" [_thread_blocked, id=22268, stack(0x0000006605e00000,0x0000006605f00000)]
  0x00000215fc21e800 JavaThread "Cache worker for journal cache (C:\Users\mrizk\.gradle\caches\journal-1)" [_thread_blocked, id=45528, stack(0x0000006605f00000,0x0000006606000000)]
  0x00000215fc223000 JavaThread "File lock request listener" [_thread_in_native, id=45360, stack(0x0000006606000000,0x0000006606100000)]
  0x00000215fc21f000 JavaThread "File lock release action executor" [_thread_blocked, id=44776, stack(0x0000006606100000,0x0000006606200000)]
  0x00000215fc21d800 JavaThread "Cache worker for file hash cache (C:\Users\mrizk\.gradle\caches\8.0.1\fileHashes)" [_thread_blocked, id=45324, stack(0x0000006606900000,0x0000006606a00000)]
  0x00000215fc220000 JavaThread "File watcher server" daemon [_thread_in_native, id=44828, stack(0x0000006606a00000,0x0000006606b00000)]
  0x00000215fc224000 JavaThread "File watcher consumer" daemon [_thread_blocked, id=22424, stack(0x0000006606b00000,0x0000006606c00000)]
  0x00000215fc220800 JavaThread "Cache worker for checksums cache (F:\drive-programming\00bootcamp\code\week10\tugas\recipe_rn\android\.gradle\8.0.1\checksums)" [_thread_blocked, id=46052, stack(0x0000006606d00000,0x0000006606e00000)]
  0x00000215fc221800 JavaThread "Cache worker for cache directory md-rule (C:\Users\mrizk\.gradle\caches\8.0.1\md-rule)" [_thread_blocked, id=37780, stack(0x0000006606e00000,0x0000006606f00000)]
  0x00000215fbe98000 JavaThread "Cache worker for file content cache (C:\Users\mrizk\.gradle\caches\8.0.1\fileContent)" [_thread_blocked, id=44744, stack(0x0000006606f00000,0x0000006607000000)]
  0x00000215fbe98800 JavaThread "Cache worker for file hash cache (F:\drive-programming\00bootcamp\code\week10\tugas\recipe_rn\android\.gradle\8.0.1\fileHashes)" [_thread_blocked, id=19856, stack(0x0000006607000000,0x0000006607100000)]
  0x00000215fbe95800 JavaThread "Cache worker for cache directory md-supplier (C:\Users\mrizk\.gradle\caches\8.0.1\md-supplier)" [_thread_blocked, id=19908, stack(0x0000006607100000,0x0000006607200000)]
  0x00000215fbe99800 JavaThread "Cache worker for execution history cache (C:\Users\mrizk\.gradle\caches\8.0.1\executionHistory)" [_thread_blocked, id=37108, stack(0x0000006606c00000,0x0000006606d00000)]
  0x00000215fbe9c000 JavaThread "jar transforms" [_thread_blocked, id=46100, stack(0x0000006607200000,0x0000006607300000)]
  0x00000215fbe96000 JavaThread "jar transforms Thread 2" [_thread_blocked, id=24980, stack(0x0000006607500000,0x0000006607600000)]
  0x00000215fbe9d800 JavaThread "jar transforms Thread 3" [_thread_blocked, id=20844, stack(0x0000006603d00000,0x0000006603e00000)]
  0x00000215fbe9e800 JavaThread "jar transforms Thread 4" [_thread_blocked, id=48140, stack(0x0000006603e00000,0x0000006603f00000)]

Other Threads:
  0x00000215f936f000 VMThread "VM Thread" [stack: 0x0000006604600000,0x0000006604700000] [id=24308]
  0x00000215f9db6800 WatcherThread [stack: 0x0000006605000000,0x0000006605100000] [id=15480]
  0x00000215daecd000 GCTaskThread "GC Thread#0" [stack: 0x0000006604100000,0x0000006604200000] [id=43300]
  0x00000215fa915000 GCTaskThread "GC Thread#1" [stack: 0x0000006605100000,0x0000006605200000] [id=44128]
  0x00000215fa912000 GCTaskThread "GC Thread#2" [stack: 0x0000006605200000,0x0000006605300000] [id=42548]
  0x00000215fa917000 GCTaskThread "GC Thread#3" [stack: 0x0000006605300000,0x0000006605400000] [id=42780]
  0x00000215fa914000 GCTaskThread "GC Thread#4" [stack: 0x0000006605400000,0x0000006605500000] [id=36548]
  0x00000215fa915800 GCTaskThread "GC Thread#5" [stack: 0x0000006606200000,0x0000006606300000] [id=44080]
  0x00000215fa916000 GCTaskThread "GC Thread#6" [stack: 0x0000006606300000,0x0000006606400000] [id=35172]
  0x00000215fa912800 GCTaskThread "GC Thread#7" [stack: 0x0000006606400000,0x0000006606500000] [id=40728]
  0x00000215fa910800 GCTaskThread "GC Thread#8" [stack: 0x0000006606500000,0x0000006606600000] [id=41444]
  0x00000215fa917800 GCTaskThread "GC Thread#9" [stack: 0x0000006606600000,0x0000006606700000] [id=44544]
  0x00000215daefe000 ConcurrentGCThread "G1 Main Marker" [stack: 0x0000006604200000,0x0000006604300000] [id=24168]
  0x00000215daf00800 ConcurrentGCThread "G1 Conc#0" [stack: 0x0000006604300000,0x0000006604400000] [id=29472]
  0x00000215fa911000 ConcurrentGCThread "G1 Conc#1" [stack: 0x0000006606700000,0x0000006606800000] [id=42992]
  0x00000215fa913800 ConcurrentGCThread "G1 Conc#2" [stack: 0x0000006606800000,0x0000006606900000] [id=27968]
  0x00000215f9203800 ConcurrentGCThread "G1 Refine#0" [stack: 0x0000006604400000,0x0000006604500000] [id=38112]
  0x00000215f9204000 ConcurrentGCThread "G1 Young RemSet Sampling" [stack: 0x0000006604500000,0x0000006604600000] [id=41644]

Threads with active compile tasks:
C2 CompilerThread0   120834 4161       4       java.util.StringJoiner::toString (181 bytes)

VM state:not at safepoint (normal execution)

VM Mutex/Monitor currently owned by a thread: None

Heap address: 0x0000000080000000, size: 2048 MB, Compressed Oops mode: 32-bit
Narrow klass base: 0x0000000000000000, Narrow klass shift: 3
Compressed class space size: 528482304 Address: 0x0000000100000000

Heap:
 garbage-first heap   total 227328K, used 112943K [0x0000000080000000, 0x0000000100000000)
  region size 1024K, 92 young (94208K), 6 survivors (6144K)
 Metaspace       used 40686K, capacity 41714K, committed 41984K, reserved 552960K
  class space    used 5174K, capacity 5593K, committed 5632K, reserved 516096K
Heap Regions: E=young(eden), S=young(survivor), O=old, HS=humongous(starts), HC=humongous(continues), CS=collection set, F=free, A=archive, TAMS=top-at-mark-start (previous, next)
|   0|0x0000000080000000, 0x0000000080100000, 0x0000000080100000|100%|HS|  |TAMS 0x0000000080100000, 0x0000000080000000| Complete 
|   1|0x0000000080100000, 0x0000000080200000, 0x0000000080200000|100%|HC|  |TAMS 0x0000000080200000, 0x0000000080100000| Complete 
|   2|0x0000000080200000, 0x0000000080300000, 0x0000000080300000|100%|HC|  |TAMS 0x0000000080300000, 0x0000000080200000| Complete 
|   3|0x0000000080300000, 0x0000000080400000, 0x0000000080400000|100%|HC|  |TAMS 0x0000000080400000, 0x0000000080300000| Complete 
|   4|0x0000000080400000, 0x0000000080500000, 0x0000000080500000|100%| O|  |TAMS 0x0000000080500000, 0x0000000080400000| Untracked 
|   5|0x0000000080500000, 0x0000000080600000, 0x0000000080600000|100%| O|  |TAMS 0x0000000080600000, 0x0000000080500000| Untracked 
|   6|0x0000000080600000, 0x0000000080700000, 0x0000000080700000|100%| O|  |TAMS 0x0000000080700000, 0x0000000080600000| Untracked 
|   7|0x0000000080700000, 0x0000000080800000, 0x0000000080800000|100%| O|  |TAMS 0x0000000080800000, 0x0000000080700000| Untracked 
|   8|0x0000000080800000, 0x0000000080900000, 0x0000000080900000|100%| O|  |TAMS 0x0000000080900000, 0x0000000080800000| Untracked 
|   9|0x0000000080900000, 0x0000000080a00000, 0x0000000080a00000|100%| O|  |TAMS 0x0000000080a00000, 0x0000000080900000| Untracked 
|  10|0x0000000080a00000, 0x0000000080b00000, 0x0000000080b00000|100%| O|  |TAMS 0x0000000080b00000, 0x0000000080a00000| Untracked 
|  11|0x0000000080b00000, 0x0000000080c00000, 0x0000000080c00000|100%| O|  |TAMS 0x0000000080c00000, 0x0000000080b00000| Untracked 
|  12|0x0000000080c00000, 0x0000000080d00000, 0x0000000080d00000|100%| O|  |TAMS 0x0000000080d00000, 0x0000000080c00000| Untracked 
|  13|0x0000000080d00000, 0x0000000080e00000, 0x0000000080e00000|100%| O|  |TAMS 0x0000000080e00000, 0x0000000080d00000| Untracked 
|  14|0x0000000080e00000, 0x0000000080f00000, 0x0000000080f00000|100%| O|  |TAMS 0x0000000080f00000, 0x0000000080e00000| Untracked 
|  15|0x0000000080f00000, 0x0000000081000000, 0x0000000081000000|100%| O|  |TAMS 0x0000000081000000, 0x0000000080f00000| Untracked 
|  16|0x0000000081000000, 0x0000000081100000, 0x0000000081100000|100%| O|  |TAMS 0x0000000081100000, 0x0000000081000000| Untracked 
|  17|0x0000000081100000, 0x00000000811aba00, 0x0000000081200000| 67%| O|  |TAMS 0x00000000811aba00, 0x0000000081100000| Untracked 
|  18|0x0000000081200000, 0x0000000081300000, 0x0000000081300000|100%|HS|  |TAMS 0x0000000081200000, 0x0000000081200000| Complete 
|  19|0x0000000081300000, 0x0000000081400000, 0x0000000081400000|100%|HS|  |TAMS 0x0000000081300000, 0x0000000081300000| Complete 
|  20|0x0000000081400000, 0x0000000081500000, 0x0000000081500000|100%|HC|  |TAMS 0x0000000081400000, 0x0000000081400000| Complete 
|  21|0x0000000081500000, 0x0000000081500000, 0x0000000081600000|  0%| F|  |TAMS 0x0000000081500000, 0x0000000081500000| Untracked 
|  22|0x0000000081600000, 0x0000000081600000, 0x0000000081700000|  0%| F|  |TAMS 0x0000000081600000, 0x0000000081600000| Untracked 
|  23|0x0000000081700000, 0x0000000081700000, 0x0000000081800000|  0%| F|  |TAMS 0x0000000081700000, 0x0000000081700000| Untracked 
|  24|0x0000000081800000, 0x0000000081800000, 0x0000000081900000|  0%| F|  |TAMS 0x0000000081800000, 0x0000000081800000| Untracked 
|  25|0x0000000081900000, 0x0000000081900000, 0x0000000081a00000|  0%| F|  |TAMS 0x0000000081900000, 0x0000000081900000| Untracked 
|  26|0x0000000081a00000, 0x0000000081a00000, 0x0000000081b00000|  0%| F|  |TAMS 0x0000000081a00000, 0x0000000081a00000| Untracked 
|  27|0x0000000081b00000, 0x0000000081b00000, 0x0000000081c00000|  0%| F|  |TAMS 0x0000000081b00000, 0x0000000081b00000| Untracked 
|  28|0x0000000081c00000, 0x0000000081c00000, 0x0000000081d00000|  0%| F|  |TAMS 0x0000000081c00000, 0x0000000081c00000| Untracked 
|  29|0x0000000081d00000, 0x0000000081d00000, 0x0000000081e00000|  0%| F|  |TAMS 0x0000000081d00000, 0x0000000081d00000| Untracked 
|  30|0x0000000081e00000, 0x0000000081e00000, 0x0000000081f00000|  0%| F|  |TAMS 0x0000000081e00000, 0x0000000081e00000| Untracked 
|  31|0x0000000081f00000, 0x0000000081f00000, 0x0000000082000000|  0%| F|  |TAMS 0x0000000081f00000, 0x0000000081f00000| Untracked 
|  32|0x0000000082000000, 0x0000000082000000, 0x0000000082100000|  0%| F|  |TAMS 0x0000000082000000, 0x0000000082000000| Untracked 
|  33|0x0000000082100000, 0x0000000082100000, 0x0000000082200000|  0%| F|  |TAMS 0x0000000082100000, 0x0000000082100000| Untracked 
|  34|0x0000000082200000, 0x0000000082200000, 0x0000000082300000|  0%| F|  |TAMS 0x0000000082200000, 0x0000000082200000| Untracked 
|  35|0x0000000082300000, 0x0000000082300000, 0x0000000082400000|  0%| F|  |TAMS 0x0000000082300000, 0x0000000082300000| Untracked 
|  36|0x0000000082400000, 0x0000000082400000, 0x0000000082500000|  0%| F|  |TAMS 0x0000000082400000, 0x0000000082400000| Untracked 
|  37|0x0000000082500000, 0x0000000082500000, 0x0000000082600000|  0%| F|  |TAMS 0x0000000082500000, 0x0000000082500000| Untracked 
|  38|0x0000000082600000, 0x0000000082600000, 0x0000000082700000|  0%| F|  |TAMS 0x0000000082600000, 0x0000000082600000| Untracked 
|  39|0x0000000082700000, 0x0000000082700000, 0x0000000082800000|  0%| F|  |TAMS 0x0000000082700000, 0x0000000082700000| Untracked 
|  40|0x0000000082800000, 0x0000000082800000, 0x0000000082900000|  0%| F|  |TAMS 0x0000000082800000, 0x0000000082800000| Untracked 
|  41|0x0000000082900000, 0x0000000082900000, 0x0000000082a00000|  0%| F|  |TAMS 0x0000000082900000, 0x0000000082900000| Untracked 
|  42|0x0000000082a00000, 0x0000000082a00000, 0x0000000082b00000|  0%| F|  |TAMS 0x0000000082a00000, 0x0000000082a00000| Untracked 
|  43|0x0000000082b00000, 0x0000000082b00000, 0x0000000082c00000|  0%| F|  |TAMS 0x0000000082b00000, 0x0000000082b00000| Untracked 
|  44|0x0000000082c00000, 0x0000000082c00000, 0x0000000082d00000|  0%| F|  |TAMS 0x0000000082c00000, 0x0000000082c00000| Untracked 
|  45|0x0000000082d00000, 0x0000000082d00000, 0x0000000082e00000|  0%| F|  |TAMS 0x0000000082d00000, 0x0000000082d00000| Untracked 
|  46|0x0000000082e00000, 0x0000000082e00000, 0x0000000082f00000|  0%| F|  |TAMS 0x0000000082e00000, 0x0000000082e00000| Untracked 
|  47|0x0000000082f00000, 0x0000000082f00000, 0x0000000083000000|  0%| F|  |TAMS 0x0000000082f00000, 0x0000000082f00000| Untracked 
|  48|0x0000000083000000, 0x0000000083000000, 0x0000000083100000|  0%| F|  |TAMS 0x0000000083000000, 0x0000000083000000| Untracked 
|  49|0x0000000083100000, 0x0000000083100000, 0x0000000083200000|  0%| F|  |TAMS 0x0000000083100000, 0x0000000083100000| Untracked 
|  50|0x0000000083200000, 0x0000000083200000, 0x0000000083300000|  0%| F|  |TAMS 0x0000000083200000, 0x0000000083200000| Untracked 
|  51|0x0000000083300000, 0x0000000083300000, 0x0000000083400000|  0%| F|  |TAMS 0x0000000083300000, 0x0000000083300000| Untracked 
|  52|0x0000000083400000, 0x0000000083400000, 0x0000000083500000|  0%| F|  |TAMS 0x0000000083400000, 0x0000000083400000| Untracked 
|  53|0x0000000083500000, 0x0000000083500000, 0x0000000083600000|  0%| F|  |TAMS 0x0000000083500000, 0x0000000083500000| Untracked 
|  54|0x0000000083600000, 0x0000000083600000, 0x0000000083700000|  0%| F|  |TAMS 0x0000000083600000, 0x0000000083600000| Untracked 
|  55|0x0000000083700000, 0x0000000083700000, 0x0000000083800000|  0%| F|  |TAMS 0x0000000083700000, 0x0000000083700000| Untracked 
|  56|0x0000000083800000, 0x0000000083800000, 0x0000000083900000|  0%| F|  |TAMS 0x0000000083800000, 0x0000000083800000| Untracked 
|  57|0x0000000083900000, 0x0000000083900000, 0x0000000083a00000|  0%| F|  |TAMS 0x0000000083900000, 0x0000000083900000| Untracked 
|  58|0x0000000083a00000, 0x0000000083a00000, 0x0000000083b00000|  0%| F|  |TAMS 0x0000000083a00000, 0x0000000083a00000| Untracked 
|  59|0x0000000083b00000, 0x0000000083b00000, 0x0000000083c00000|  0%| F|  |TAMS 0x0000000083b00000, 0x0000000083b00000| Untracked 
|  60|0x0000000083c00000, 0x0000000083c00000, 0x0000000083d00000|  0%| F|  |TAMS 0x0000000083c00000, 0x0000000083c00000| Untracked 
|  61|0x0000000083d00000, 0x0000000083d00000, 0x0000000083e00000|  0%| F|  |TAMS 0x0000000083d00000, 0x0000000083d00000| Untracked 
|  62|0x0000000083e00000, 0x0000000083e00000, 0x0000000083f00000|  0%| F|  |TAMS 0x0000000083e00000, 0x0000000083e00000| Untracked 
|  63|0x0000000083f00000, 0x0000000083f00000, 0x0000000084000000|  0%| F|  |TAMS 0x0000000083f00000, 0x0000000083f00000| Untracked 
|  64|0x0000000084000000, 0x0000000084000000, 0x0000000084100000|  0%| F|  |TAMS 0x0000000084000000, 0x0000000084000000| Untracked 
|  65|0x0000000084100000, 0x0000000084100000, 0x0000000084200000|  0%| F|  |TAMS 0x0000000084100000, 0x0000000084100000| Untracked 
|  66|0x0000000084200000, 0x0000000084200000, 0x0000000084300000|  0%| F|  |TAMS 0x0000000084200000, 0x0000000084200000| Untracked 
|  67|0x0000000084300000, 0x0000000084300000, 0x0000000084400000|  0%| F|  |TAMS 0x0000000084300000, 0x0000000084300000| Untracked 
|  68|0x0000000084400000, 0x0000000084400000, 0x0000000084500000|  0%| F|  |TAMS 0x0000000084400000, 0x0000000084400000| Untracked 
|  69|0x0000000084500000, 0x0000000084500000, 0x0000000084600000|  0%| F|  |TAMS 0x0000000084500000, 0x0000000084500000| Untracked 
|  70|0x0000000084600000, 0x0000000084600000, 0x0000000084700000|  0%| F|  |TAMS 0x0000000084600000, 0x0000000084600000| Untracked 
|  71|0x0000000084700000, 0x0000000084700000, 0x0000000084800000|  0%| F|  |TAMS 0x0000000084700000, 0x0000000084700000| Untracked 
|  72|0x0000000084800000, 0x0000000084800000, 0x0000000084900000|  0%| F|  |TAMS 0x0000000084800000, 0x0000000084800000| Untracked 
|  73|0x0000000084900000, 0x0000000084900000, 0x0000000084a00000|  0%| F|  |TAMS 0x0000000084900000, 0x0000000084900000| Untracked 
|  74|0x0000000084a00000, 0x0000000084a00000, 0x0000000084b00000|  0%| F|  |TAMS 0x0000000084a00000, 0x0000000084a00000| Untracked 
|  75|0x0000000084b00000, 0x0000000084b00000, 0x0000000084c00000|  0%| F|  |TAMS 0x0000000084b00000, 0x0000000084b00000| Untracked 
|  76|0x0000000084c00000, 0x0000000084c00000, 0x0000000084d00000|  0%| F|  |TAMS 0x0000000084c00000, 0x0000000084c00000| Untracked 
|  77|0x0000000084d00000, 0x0000000084d00000, 0x0000000084e00000|  0%| F|  |TAMS 0x0000000084d00000, 0x0000000084d00000| Untracked 
|  78|0x0000000084e00000, 0x0000000084e00000, 0x0000000084f00000|  0%| F|  |TAMS 0x0000000084e00000, 0x0000000084e00000| Untracked 
|  79|0x0000000084f00000, 0x0000000084f00000, 0x0000000085000000|  0%| F|  |TAMS 0x0000000084f00000, 0x0000000084f00000| Untracked 
|  80|0x0000000085000000, 0x0000000085000000, 0x0000000085100000|  0%| F|  |TAMS 0x0000000085000000, 0x0000000085000000| Untracked 
|  81|0x0000000085100000, 0x0000000085100000, 0x0000000085200000|  0%| F|  |TAMS 0x0000000085100000, 0x0000000085100000| Untracked 
|  82|0x0000000085200000, 0x0000000085200000, 0x0000000085300000|  0%| F|  |TAMS 0x0000000085200000, 0x0000000085200000| Untracked 
|  83|0x0000000085300000, 0x0000000085300000, 0x0000000085400000|  0%| F|  |TAMS 0x0000000085300000, 0x0000000085300000| Untracked 
|  84|0x0000000085400000, 0x0000000085400000, 0x0000000085500000|  0%| F|  |TAMS 0x0000000085400000, 0x0000000085400000| Untracked 
|  85|0x0000000085500000, 0x0000000085500000, 0x0000000085600000|  0%| F|  |TAMS 0x0000000085500000, 0x0000000085500000| Untracked 
|  86|0x0000000085600000, 0x0000000085600000, 0x0000000085700000|  0%| F|  |TAMS 0x0000000085600000, 0x0000000085600000| Untracked 
|  87|0x0000000085700000, 0x0000000085700000, 0x0000000085800000|  0%| F|  |TAMS 0x0000000085700000, 0x0000000085700000| Untracked 
|  88|0x0000000085800000, 0x0000000085800000, 0x0000000085900000|  0%| F|  |TAMS 0x0000000085800000, 0x0000000085800000| Untracked 
|  89|0x0000000085900000, 0x0000000085900000, 0x0000000085a00000|  0%| F|  |TAMS 0x0000000085900000, 0x0000000085900000| Untracked 
|  90|0x0000000085a00000, 0x0000000085a00000, 0x0000000085b00000|  0%| F|  |TAMS 0x0000000085a00000, 0x0000000085a00000| Untracked 
|  91|0x0000000085b00000, 0x0000000085b00000, 0x0000000085c00000|  0%| F|  |TAMS 0x0000000085b00000, 0x0000000085b00000| Untracked 
|  92|0x0000000085c00000, 0x0000000085c00000, 0x0000000085d00000|  0%| F|  |TAMS 0x0000000085c00000, 0x0000000085c00000| Untracked 
|  93|0x0000000085d00000, 0x0000000085d00000, 0x0000000085e00000|  0%| F|  |TAMS 0x0000000085d00000, 0x0000000085d00000| Untracked 
|  94|0x0000000085e00000, 0x0000000085e00000, 0x0000000085f00000|  0%| F|  |TAMS 0x0000000085e00000, 0x0000000085e00000| Untracked 
|  95|0x0000000085f00000, 0x0000000085f00000, 0x0000000086000000|  0%| F|  |TAMS 0x0000000085f00000, 0x0000000085f00000| Untracked 
|  96|0x0000000086000000, 0x0000000086000000, 0x0000000086100000|  0%| F|  |TAMS 0x0000000086000000, 0x0000000086000000| Untracked 
|  97|0x0000000086100000, 0x0000000086100000, 0x0000000086200000|  0%| F|  |TAMS 0x0000000086100000, 0x0000000086100000| Untracked 
|  98|0x0000000086200000, 0x0000000086200000, 0x0000000086300000|  0%| F|  |TAMS 0x0000000086200000, 0x0000000086200000| Untracked 
|  99|0x0000000086300000, 0x0000000086300000, 0x0000000086400000|  0%| F|  |TAMS 0x0000000086300000, 0x0000000086300000| Untracked 
| 100|0x0000000086400000, 0x0000000086400000, 0x0000000086500000|  0%| F|  |TAMS 0x0000000086400000, 0x0000000086400000| Untracked 
| 101|0x0000000086500000, 0x0000000086500000, 0x0000000086600000|  0%| F|  |TAMS 0x0000000086500000, 0x0000000086500000| Untracked 
| 102|0x0000000086600000, 0x0000000086600000, 0x0000000086700000|  0%| F|  |TAMS 0x0000000086600000, 0x0000000086600000| Untracked 
| 103|0x0000000086700000, 0x0000000086700000, 0x0000000086800000|  0%| F|  |TAMS 0x0000000086700000, 0x0000000086700000| Untracked 
| 104|0x0000000086800000, 0x0000000086800000, 0x0000000086900000|  0%| F|  |TAMS 0x0000000086800000, 0x0000000086800000| Untracked 
| 105|0x0000000086900000, 0x0000000086900000, 0x0000000086a00000|  0%| F|  |TAMS 0x0000000086900000, 0x0000000086900000| Untracked 
| 106|0x0000000086a00000, 0x0000000086a00000, 0x0000000086b00000|  0%| F|  |TAMS 0x0000000086a00000, 0x0000000086a00000| Untracked 
| 107|0x0000000086b00000, 0x0000000086b00000, 0x0000000086c00000|  0%| F|  |TAMS 0x0000000086b00000, 0x0000000086b00000| Untracked 
| 108|0x0000000086c00000, 0x0000000086c00000, 0x0000000086d00000|  0%| F|  |TAMS 0x0000000086c00000, 0x0000000086c00000| Untracked 
| 109|0x0000000086d00000, 0x0000000086d00000, 0x0000000086e00000|  0%| F|  |TAMS 0x0000000086d00000, 0x0000000086d00000| Untracked 
| 110|0x0000000086e00000, 0x0000000086e00000, 0x0000000086f00000|  0%| F|  |TAMS 0x0000000086e00000, 0x0000000086e00000| Untracked 
| 111|0x0000000086f00000, 0x0000000086f00000, 0x0000000087000000|  0%| F|  |TAMS 0x0000000086f00000, 0x0000000086f00000| Untracked 
| 112|0x0000000087000000, 0x0000000087000000, 0x0000000087100000|  0%| F|  |TAMS 0x0000000087000000, 0x0000000087000000| Untracked 
| 113|0x0000000087100000, 0x0000000087100000, 0x0000000087200000|  0%| F|  |TAMS 0x0000000087100000, 0x0000000087100000| Untracked 
| 114|0x0000000087200000, 0x0000000087200000, 0x0000000087300000|  0%| F|  |TAMS 0x0000000087200000, 0x0000000087200000| Untracked 
| 115|0x0000000087300000, 0x0000000087300000, 0x0000000087400000|  0%| F|  |TAMS 0x0000000087300000, 0x0000000087300000| Untracked 
| 116|0x0000000087400000, 0x0000000087400000, 0x0000000087500000|  0%| F|  |TAMS 0x0000000087400000, 0x0000000087400000| Untracked 
| 117|0x0000000087500000, 0x0000000087500000, 0x0000000087600000|  0%| F|  |TAMS 0x0000000087500000, 0x0000000087500000| Untracked 
| 118|0x0000000087600000, 0x0000000087600000, 0x0000000087700000|  0%| F|  |TAMS 0x0000000087600000, 0x0000000087600000| Untracked 
| 119|0x0000000087700000, 0x0000000087700000, 0x0000000087800000|  0%| F|  |TAMS 0x0000000087700000, 0x0000000087700000| Untracked 
| 120|0x0000000087800000, 0x0000000087800000, 0x0000000087900000|  0%| F|  |TAMS 0x0000000087800000, 0x0000000087800000| Untracked 
| 121|0x0000000087900000, 0x0000000087900000, 0x0000000087a00000|  0%| F|  |TAMS 0x0000000087900000, 0x0000000087900000| Untracked 
| 122|0x0000000087a00000, 0x0000000087a00000, 0x0000000087b00000|  0%| F|  |TAMS 0x0000000087a00000, 0x0000000087a00000| Untracked 
| 123|0x0000000087b00000, 0x0000000087b00000, 0x0000000087c00000|  0%| F|  |TAMS 0x0000000087b00000, 0x0000000087b00000| Untracked 
| 124|0x0000000087c00000, 0x0000000087c00000, 0x0000000087d00000|  0%| F|  |TAMS 0x0000000087c00000, 0x0000000087c00000| Untracked 
| 125|0x0000000087d00000, 0x0000000087d00000, 0x0000000087e00000|  0%| F|  |TAMS 0x0000000087d00000, 0x0000000087d00000| Untracked 
| 126|0x0000000087e00000, 0x0000000087e00000, 0x0000000087f00000|  0%| F|  |TAMS 0x0000000087e00000, 0x0000000087e00000| Untracked 
| 127|0x0000000087f00000, 0x0000000087f00000, 0x0000000088000000|  0%| F|  |TAMS 0x0000000087f00000, 0x0000000087f00000| Untracked 
| 128|0x0000000088000000, 0x0000000088000000, 0x0000000088100000|  0%| F|  |TAMS 0x0000000088000000, 0x0000000088000000| Untracked 
| 129|0x0000000088100000, 0x0000000088100000, 0x0000000088200000|  0%| F|  |TAMS 0x0000000088100000, 0x0000000088100000| Untracked 
| 130|0x0000000088200000, 0x0000000088280800, 0x0000000088300000| 50%| E|  |TAMS 0x0000000088200000, 0x0000000088200000| Complete 
| 131|0x0000000088300000, 0x0000000088400000, 0x0000000088400000|100%| E|CS|TAMS 0x0000000088300000, 0x0000000088300000| Complete 
| 132|0x0000000088400000, 0x0000000088500000, 0x0000000088500000|100%| E|CS|TAMS 0x0000000088400000, 0x0000000088400000| Complete 
| 133|0x0000000088500000, 0x0000000088600000, 0x0000000088600000|100%| E|CS|TAMS 0x0000000088500000, 0x0000000088500000| Complete 
| 134|0x0000000088600000, 0x0000000088700000, 0x0000000088700000|100%| E|CS|TAMS 0x0000000088600000, 0x0000000088600000| Complete 
| 135|0x0000000088700000, 0x0000000088800000, 0x0000000088800000|100%| E|CS|TAMS 0x0000000088700000, 0x0000000088700000| Complete 
| 136|0x0000000088800000, 0x0000000088900000, 0x0000000088900000|100%| E|CS|TAMS 0x0000000088800000, 0x0000000088800000| Complete 
| 137|0x0000000088900000, 0x0000000088a00000, 0x0000000088a00000|100%| E|CS|TAMS 0x0000000088900000, 0x0000000088900000| Complete 
| 138|0x0000000088a00000, 0x0000000088b00000, 0x0000000088b00000|100%| E|CS|TAMS 0x0000000088a00000, 0x0000000088a00000| Complete 
| 139|0x0000000088b00000, 0x0000000088c00000, 0x0000000088c00000|100%| E|CS|TAMS 0x0000000088b00000, 0x0000000088b00000| Complete 
| 140|0x0000000088c00000, 0x0000000088d00000, 0x0000000088d00000|100%| E|CS|TAMS 0x0000000088c00000, 0x0000000088c00000| Complete 
| 141|0x0000000088d00000, 0x0000000088e00000, 0x0000000088e00000|100%| E|CS|TAMS 0x0000000088d00000, 0x0000000088d00000| Complete 
| 142|0x0000000088e00000, 0x0000000088f00000, 0x0000000088f00000|100%| E|CS|TAMS 0x0000000088e00000, 0x0000000088e00000| Complete 
| 143|0x0000000088f00000, 0x0000000089000000, 0x0000000089000000|100%| E|CS|TAMS 0x0000000088f00000, 0x0000000088f00000| Complete 
| 144|0x0000000089000000, 0x0000000089100000, 0x0000000089100000|100%| E|CS|TAMS 0x0000000089000000, 0x0000000089000000| Complete 
| 145|0x0000000089100000, 0x0000000089200000, 0x0000000089200000|100%| E|CS|TAMS 0x0000000089100000, 0x0000000089100000| Complete 
| 146|0x0000000089200000, 0x0000000089300000, 0x0000000089300000|100%| E|CS|TAMS 0x0000000089200000, 0x0000000089200000| Complete 
| 147|0x0000000089300000, 0x0000000089400000, 0x0000000089400000|100%| E|CS|TAMS 0x0000000089300000, 0x0000000089300000| Complete 
| 148|0x0000000089400000, 0x0000000089500000, 0x0000000089500000|100%| E|CS|TAMS 0x0000000089400000, 0x0000000089400000| Complete 
| 149|0x0000000089500000, 0x0000000089600000, 0x0000000089600000|100%| E|CS|TAMS 0x0000000089500000, 0x0000000089500000| Complete 
| 150|0x0000000089600000, 0x0000000089700000, 0x0000000089700000|100%| E|CS|TAMS 0x0000000089600000, 0x0000000089600000| Complete 
| 151|0x0000000089700000, 0x0000000089800000, 0x0000000089800000|100%| E|CS|TAMS 0x0000000089700000, 0x0000000089700000| Complete 
| 152|0x0000000089800000, 0x0000000089900000, 0x0000000089900000|100%| E|CS|TAMS 0x0000000089800000, 0x0000000089800000| Complete 
| 153|0x0000000089900000, 0x0000000089a00000, 0x0000000089a00000|100%| E|CS|TAMS 0x0000000089900000, 0x0000000089900000| Complete 
| 154|0x0000000089a00000, 0x0000000089b00000, 0x0000000089b00000|100%| E|CS|TAMS 0x0000000089a00000, 0x0000000089a00000| Complete 
| 155|0x0000000089b00000, 0x0000000089c00000, 0x0000000089c00000|100%| E|CS|TAMS 0x0000000089b00000, 0x0000000089b00000| Complete 
| 156|0x0000000089c00000, 0x0000000089d00000, 0x0000000089d00000|100%| E|CS|TAMS 0x0000000089c00000, 0x0000000089c00000| Complete 
| 157|0x0000000089d00000, 0x0000000089e00000, 0x0000000089e00000|100%| E|CS|TAMS 0x0000000089d00000, 0x0000000089d00000| Complete 
| 158|0x0000000089e00000, 0x0000000089f00000, 0x0000000089f00000|100%| E|CS|TAMS 0x0000000089e00000, 0x0000000089e00000| Complete 
| 159|0x0000000089f00000, 0x000000008a000000, 0x000000008a000000|100%| E|CS|TAMS 0x0000000089f00000, 0x0000000089f00000| Complete 
| 160|0x000000008a000000, 0x000000008a100000, 0x000000008a100000|100%| E|CS|TAMS 0x000000008a000000, 0x000000008a000000| Complete 
| 161|0x000000008a100000, 0x000000008a200000, 0x000000008a200000|100%| E|CS|TAMS 0x000000008a100000, 0x000000008a100000| Complete 
| 162|0x000000008a200000, 0x000000008a300000, 0x000000008a300000|100%| E|CS|TAMS 0x000000008a200000, 0x000000008a200000| Complete 
| 163|0x000000008a300000, 0x000000008a400000, 0x000000008a400000|100%| E|CS|TAMS 0x000000008a300000, 0x000000008a300000| Complete 
| 164|0x000000008a400000, 0x000000008a500000, 0x000000008a500000|100%| E|CS|TAMS 0x000000008a400000, 0x000000008a400000| Complete 
| 165|0x000000008a500000, 0x000000008a600000, 0x000000008a600000|100%| E|CS|TAMS 0x000000008a500000, 0x000000008a500000| Complete 
| 166|0x000000008a600000, 0x000000008a700000, 0x000000008a700000|100%| E|CS|TAMS 0x000000008a600000, 0x000000008a600000| Complete 
| 167|0x000000008a700000, 0x000000008a800000, 0x000000008a800000|100%| E|CS|TAMS 0x000000008a700000, 0x000000008a700000| Complete 
| 168|0x000000008a800000, 0x000000008a900000, 0x000000008a900000|100%| E|CS|TAMS 0x000000008a800000, 0x000000008a800000| Complete 
| 169|0x000000008a900000, 0x000000008aa00000, 0x000000008aa00000|100%| E|CS|TAMS 0x000000008a900000, 0x000000008a900000| Complete 
| 170|0x000000008aa00000, 0x000000008ab00000, 0x000000008ab00000|100%| E|CS|TAMS 0x000000008aa00000, 0x000000008aa00000| Complete 
| 171|0x000000008ab00000, 0x000000008ac00000, 0x000000008ac00000|100%| E|CS|TAMS 0x000000008ab00000, 0x000000008ab00000| Complete 
| 172|0x000000008ac00000, 0x000000008ad00000, 0x000000008ad00000|100%| E|CS|TAMS 0x000000008ac00000, 0x000000008ac00000| Complete 
| 173|0x000000008ad00000, 0x000000008ae00000, 0x000000008ae00000|100%| E|CS|TAMS 0x000000008ad00000, 0x000000008ad00000| Complete 
| 174|0x000000008ae00000, 0x000000008af00000, 0x000000008af00000|100%| E|CS|TAMS 0x000000008ae00000, 0x000000008ae00000| Complete 
| 175|0x000000008af00000, 0x000000008b000000, 0x000000008b000000|100%| E|CS|TAMS 0x000000008af00000, 0x000000008af00000| Complete 
| 176|0x000000008b000000, 0x000000008b100000, 0x000000008b100000|100%| E|CS|TAMS 0x000000008b000000, 0x000000008b000000| Complete 
| 177|0x000000008b100000, 0x000000008b200000, 0x000000008b200000|100%| E|CS|TAMS 0x000000008b100000, 0x000000008b100000| Complete 
| 178|0x000000008b200000, 0x000000008b300000, 0x000000008b300000|100%| E|CS|TAMS 0x000000008b200000, 0x000000008b200000| Complete 
| 179|0x000000008b300000, 0x000000008b400000, 0x000000008b400000|100%| E|CS|TAMS 0x000000008b300000, 0x000000008b300000| Complete 
| 180|0x000000008b400000, 0x000000008b500000, 0x000000008b500000|100%| E|CS|TAMS 0x000000008b400000, 0x000000008b400000| Complete 
| 181|0x000000008b500000, 0x000000008b600000, 0x000000008b600000|100%| E|CS|TAMS 0x000000008b500000, 0x000000008b500000| Complete 
| 182|0x000000008b600000, 0x000000008b700000, 0x000000008b700000|100%| E|CS|TAMS 0x000000008b600000, 0x000000008b600000| Complete 
| 183|0x000000008b700000, 0x000000008b800000, 0x000000008b800000|100%| E|CS|TAMS 0x000000008b700000, 0x000000008b700000| Complete 
| 184|0x000000008b800000, 0x000000008b900000, 0x000000008b900000|100%| E|CS|TAMS 0x000000008b800000, 0x000000008b800000| Complete 
| 185|0x000000008b900000, 0x000000008ba00000, 0x000000008ba00000|100%| E|CS|TAMS 0x000000008b900000, 0x000000008b900000| Complete 
| 186|0x000000008ba00000, 0x000000008bb00000, 0x000000008bb00000|100%| E|CS|TAMS 0x000000008ba00000, 0x000000008ba00000| Complete 
| 187|0x000000008bb00000, 0x000000008bc00000, 0x000000008bc00000|100%| E|CS|TAMS 0x000000008bb00000, 0x000000008bb00000| Complete 
| 188|0x000000008bc00000, 0x000000008bd00000, 0x000000008bd00000|100%| E|CS|TAMS 0x000000008bc00000, 0x000000008bc00000| Complete 
| 189|0x000000008bd00000, 0x000000008be00000, 0x000000008be00000|100%| E|CS|TAMS 0x000000008bd00000, 0x000000008bd00000| Complete 
| 190|0x000000008be00000, 0x000000008bf00000, 0x000000008bf00000|100%| E|CS|TAMS 0x000000008be00000, 0x000000008be00000| Complete 
| 191|0x000000008bf00000, 0x000000008c000000, 0x000000008c000000|100%| E|CS|TAMS 0x000000008bf00000, 0x000000008bf00000| Complete 
| 192|0x000000008c000000, 0x000000008c100000, 0x000000008c100000|100%| E|CS|TAMS 0x000000008c000000, 0x000000008c000000| Complete 
| 193|0x000000008c100000, 0x000000008c200000, 0x000000008c200000|100%| E|CS|TAMS 0x000000008c100000, 0x000000008c100000| Complete 
| 194|0x000000008c200000, 0x000000008c300000, 0x000000008c300000|100%| E|CS|TAMS 0x000000008c200000, 0x000000008c200000| Complete 
| 195|0x000000008c300000, 0x000000008c400000, 0x000000008c400000|100%| E|CS|TAMS 0x000000008c300000, 0x000000008c300000| Complete 
| 196|0x000000008c400000, 0x000000008c500000, 0x000000008c500000|100%| E|CS|TAMS 0x000000008c400000, 0x000000008c400000| Complete 
| 197|0x000000008c500000, 0x000000008c600000, 0x000000008c600000|100%| E|CS|TAMS 0x000000008c500000, 0x000000008c500000| Complete 
| 198|0x000000008c600000, 0x000000008c700000, 0x000000008c700000|100%| E|CS|TAMS 0x000000008c600000, 0x000000008c600000| Complete 
| 199|0x000000008c700000, 0x000000008c800000, 0x000000008c800000|100%| E|CS|TAMS 0x000000008c700000, 0x000000008c700000| Complete 
| 200|0x000000008c800000, 0x000000008c900000, 0x000000008c900000|100%| E|CS|TAMS 0x000000008c800000, 0x000000008c800000| Complete 
| 201|0x000000008c900000, 0x000000008ca00000, 0x000000008ca00000|100%| E|CS|TAMS 0x000000008c900000, 0x000000008c900000| Complete 
| 202|0x000000008ca00000, 0x000000008cb00000, 0x000000008cb00000|100%| E|CS|TAMS 0x000000008ca00000, 0x000000008ca00000| Complete 
| 203|0x000000008cb00000, 0x000000008cc00000, 0x000000008cc00000|100%| E|CS|TAMS 0x000000008cb00000, 0x000000008cb00000| Complete 
| 204|0x000000008cc00000, 0x000000008cd00000, 0x000000008cd00000|100%| E|CS|TAMS 0x000000008cc00000, 0x000000008cc00000| Complete 
| 205|0x000000008cd00000, 0x000000008ce00000, 0x000000008ce00000|100%| E|CS|TAMS 0x000000008cd00000, 0x000000008cd00000| Complete 
| 206|0x000000008ce00000, 0x000000008cea03c0, 0x000000008cf00000| 62%| S|CS|TAMS 0x000000008ce00000, 0x000000008ce00000| Complete 
| 207|0x000000008cf00000, 0x000000008d000000, 0x000000008d000000|100%| S|CS|TAMS 0x000000008cf00000, 0x000000008cf00000| Complete 
| 208|0x000000008d000000, 0x000000008d100000, 0x000000008d100000|100%| S|CS|TAMS 0x000000008d000000, 0x000000008d000000| Complete 
| 209|0x000000008d100000, 0x000000008d200000, 0x000000008d200000|100%| S|CS|TAMS 0x000000008d100000, 0x000000008d100000| Complete 
| 210|0x000000008d200000, 0x000000008d300000, 0x000000008d300000|100%| S|CS|TAMS 0x000000008d200000, 0x000000008d200000| Complete 
| 211|0x000000008d300000, 0x000000008d400000, 0x000000008d400000|100%| S|CS|TAMS 0x000000008d300000, 0x000000008d300000| Complete 
| 212|0x000000008d400000, 0x000000008d500000, 0x000000008d500000|100%| E|CS|TAMS 0x000000008d400000, 0x000000008d400000| Complete 
| 213|0x000000008d500000, 0x000000008d600000, 0x000000008d600000|100%| E|CS|TAMS 0x000000008d500000, 0x000000008d500000| Complete 
| 214|0x000000008d600000, 0x000000008d700000, 0x000000008d700000|100%| E|CS|TAMS 0x000000008d600000, 0x000000008d600000| Complete 
| 215|0x000000008d700000, 0x000000008d800000, 0x000000008d800000|100%| E|  |TAMS 0x000000008d700000, 0x000000008d700000| Complete 
| 216|0x000000008d800000, 0x000000008d900000, 0x000000008d900000|100%| E|CS|TAMS 0x000000008d800000, 0x000000008d800000| Complete 
| 217|0x000000008d900000, 0x000000008da00000, 0x000000008da00000|100%| E|CS|TAMS 0x000000008d900000, 0x000000008d900000| Complete 
| 218|0x000000008da00000, 0x000000008db00000, 0x000000008db00000|100%| E|CS|TAMS 0x000000008da00000, 0x000000008da00000| Complete 
| 219|0x000000008db00000, 0x000000008dc00000, 0x000000008dc00000|100%| E|CS|TAMS 0x000000008db00000, 0x000000008db00000| Complete 
| 220|0x000000008dc00000, 0x000000008dd00000, 0x000000008dd00000|100%| E|CS|TAMS 0x000000008dc00000, 0x000000008dc00000| Complete 
| 221|0x000000008dd00000, 0x000000008de00000, 0x000000008de00000|100%| E|CS|TAMS 0x000000008dd00000, 0x000000008dd00000| Complete 

Card table byte_map: [0x00000215f1ed0000,0x00000215f22d0000] _byte_map_base: 0x00000215f1ad0000

Marking Bits (Prev, Next): (CMBitMap*) 0x00000215daef5538, (CMBitMap*) 0x00000215daef5570
 Prev Bits: [0x00000215f26d0000, 0x00000215f46d0000)
 Next Bits: [0x00000215f46d0000, 0x00000215f66d0000)

Polling page: 0x00000215da680000

Metaspace:

Usage:
  Non-class:     35.27 MB capacity,    34.68 MB ( 98%) used,   504.86 KB (  1%) free+waste,   103.94 KB ( <1%) overhead. 
      Class:      5.46 MB capacity,     5.05 MB ( 93%) used,   366.16 KB (  7%) free+waste,    52.19 KB ( <1%) overhead. 
       Both:     40.74 MB capacity,    39.73 MB ( 98%) used,   871.02 KB (  2%) free+waste,   156.12 KB ( <1%) overhead. 

Virtual space:
  Non-class space:       36.00 MB reserved,      35.50 MB ( 99%) committed 
      Class space:      504.00 MB reserved,       5.50 MB (  1%) committed 
             Both:      540.00 MB reserved,      41.00 MB (  8%) committed 

Chunk freelists:
   Non-Class:  384 bytes
       Class:  896 bytes
        Both:  1.25 KB

CodeHeap 'non-profiled nmethods': size=120000Kb used=2261Kb max_used=2261Kb free=117738Kb
 bounds [0x00000215ea050000, 0x00000215ea2c0000, 0x00000215f1580000]
CodeHeap 'profiled nmethods': size=120000Kb used=8560Kb max_used=8560Kb free=111439Kb
 bounds [0x00000215e2b20000, 0x00000215e3380000, 0x00000215ea050000]
CodeHeap 'non-nmethods': size=5760Kb used=2204Kb max_used=2246Kb free=3555Kb
 bounds [0x00000215e2580000, 0x00000215e27f0000, 0x00000215e2b20000]
 total_blobs=4917 nmethods=4146 adapters=681
 compilation: enabled
              stopped_count=0, restarted_count=0
 full_count=0

Compilation events (10 events):
Event: 120.658 Thread 0x00000215f9c2a800 4158       3       org.codehaus.groovy.reflection.CachedClass$1$$Lambda$379/0x00000001004dfc40::test (8 bytes)
Event: 120.658 Thread 0x00000215f9c2a800 nmethod 4158 0x00000215e3376810 code [0x00000215e33769c0, 0x00000215e3376ca8]
Event: 120.658 Thread 0x00000215f9c2a800 4159       3       org.codehaus.groovy.reflection.CachedClass$1::lambda$initValue$0 (7 bytes)
Event: 120.659 Thread 0x00000215f9c2a800 nmethod 4159 0x00000215e3376e10 code [0x00000215e3376fc0, 0x00000215e3377148]
Event: 120.662 Thread 0x00000215f9bb6000 4160       4       java.util.Arrays::equals (57 bytes)
Event: 120.665 Thread 0x00000215f9bb6000 nmethod 4160 0x00000215ea284d10 code [0x00000215ea284ea0, 0x00000215ea285018]
Event: 120.739 Thread 0x00000215f9bb6000 4161       4       java.util.StringJoiner::toString (181 bytes)
Event: 120.740 Thread 0x00000215f9c2a800 4163       3       java.beans.PropertyDescriptor::setClass0 (25 bytes)
Event: 120.741 Thread 0x00000215f9c2a800 nmethod 4163 0x00000215e3377210 code [0x00000215e3377440, 0x00000215e3377ed8]
Event: 120.748 Thread 0x00000215f9c2a800 4164       3       java.beans.Introspector::makeQualifiedMethodName (50 bytes)

GC Heap History (10 events):
Event: 2.168 GC heap before
{Heap before GC invocations=0 (full 0):
 garbage-first heap   total 227328K, used 27648K [0x0000000080000000, 0x0000000100000000)
  region size 1024K, 24 young (24576K), 0 survivors (0K)
 Metaspace       used 9947K, capacity 10146K, committed 10368K, reserved 526336K
  class space    used 1030K, capacity 1106K, committed 1152K, reserved 516096K
}
Event: 2.200 GC heap after
{Heap after GC invocations=1 (full 0):
 garbage-first heap   total 227328K, used 10576K [0x0000000080000000, 0x0000000100000000)
  region size 1024K, 3 young (3072K), 3 survivors (3072K)
 Metaspace       used 9947K, capacity 10146K, committed 10368K, reserved 526336K
  class space    used 1030K, capacity 1106K, committed 1152K, reserved 516096K
}
Event: 7.345 GC heap before
{Heap before GC invocations=1 (full 0):
 garbage-first heap   total 227328K, used 105808K [0x0000000080000000, 0x0000000100000000)
  region size 1024K, 96 young (98304K), 3 survivors (3072K)
 Metaspace       used 20723K, capacity 21176K, committed 21296K, reserved 536576K
  class space    used 2514K, capacity 2688K, committed 2688K, reserved 516096K
}
Event: 7.390 GC heap after
{Heap after GC invocations=2 (full 0):
 garbage-first heap   total 227328K, used 18288K [0x0000000080000000, 0x0000000100000000)
  region size 1024K, 11 young (11264K), 11 survivors (11264K)
 Metaspace       used 20723K, capacity 21176K, committed 21296K, reserved 536576K
  class space    used 2514K, capacity 2688K, committed 2688K, reserved 516096K
}
Event: 9.235 GC heap before
{Heap before GC invocations=3 (full 0):
 garbage-first heap   total 227328K, used 39792K [0x0000000080000000, 0x0000000100000000)
  region size 1024K, 32 young (32768K), 11 survivors (11264K)
 Metaspace       used 23084K, capacity 23643K, committed 23936K, reserved 538624K
  class space    used 2898K, capacity 3111K, committed 3200K, reserved 516096K
}
Event: 9.240 GC heap after
{Heap after GC invocations=4 (full 0):
 garbage-first heap   total 227328K, used 19393K [0x0000000080000000, 0x0000000100000000)
  region size 1024K, 2 young (2048K), 2 survivors (2048K)
 Metaspace       used 23084K, capacity 23643K, committed 23936K, reserved 538624K
  class space    used 2898K, capacity 3111K, committed 3200K, reserved 516096K
}
Event: 12.319 GC heap before
{Heap before GC invocations=4 (full 0):
 garbage-first heap   total 227328K, used 117697K [0x0000000080000000, 0x0000000100000000)
  region size 1024K, 98 young (100352K), 2 survivors (2048K)
 Metaspace       used 31780K, capacity 32509K, committed 32768K, reserved 544768K
  class space    used 4253K, capacity 4545K, committed 4608K, reserved 516096K
}
Event: 12.322 GC heap after
{Heap after GC invocations=5 (full 0):
 garbage-first heap   total 227328K, used 22142K [0x0000000080000000, 0x0000000100000000)
  region size 1024K, 4 young (4096K), 4 survivors (4096K)
 Metaspace       used 31780K, capacity 32509K, committed 32768K, reserved 544768K
  class space    used 4253K, capacity 4545K, committed 4608K, reserved 516096K
}
Event: 12.646 GC heap before
{Heap before GC invocations=5 (full 0):
 garbage-first heap   total 227328K, used 31358K [0x0000000080000000, 0x0000000100000000)
  region size 1024K, 14 young (14336K), 4 survivors (4096K)
 Metaspace       used 35003K, capacity 35838K, committed 35968K, reserved 548864K
  class space    used 4543K, capacity 4912K, committed 4992K, reserved 516096K
}
Event: 12.651 GC heap after
{Heap after GC invocations=6 (full 0):
 garbage-first heap   total 227328K, used 23855K [0x0000000080000000, 0x0000000100000000)
  region size 1024K, 6 young (6144K), 6 survivors (6144K)
 Metaspace       used 35003K, capacity 35838K, committed 35968K, reserved 548864K
  class space    used 4543K, capacity 4912K, committed 4992K, reserved 516096K
}

Deoptimization events (10 events):
Event: 43.232 Thread 0x00000215fbbea800 Uncommon trap: reason=profile_predicate action=maybe_recompile pc=0x00000215ea22a3cc method=java.lang.PublicMethods$MethodList.filter([Ljava/lang/reflect/Method;Ljava/lang/String;[Ljava/lang/Class;Z)Ljava/lang/PublicMethods$MethodList; @ 21 c2
Event: 43.359 Thread 0x00000215fbbea800 Uncommon trap: reason=class_check action=maybe_recompile pc=0x00000215ea1e758c method=java.util.regex.Pattern$Start.match(Ljava/util/regex/Matcher;ILjava/lang/CharSequence;)Z @ 44 c2
Event: 43.385 Thread 0x00000215fbbea800 Uncommon trap: reason=profile_predicate action=maybe_recompile pc=0x00000215ea22a3cc method=java.lang.PublicMethods$MethodList.filter([Ljava/lang/reflect/Method;Ljava/lang/String;[Ljava/lang/Class;Z)Ljava/lang/PublicMethods$MethodList; @ 21 c2
Event: 64.692 Thread 0x00000215fc21e800 Uncommon trap: reason=bimorphic_or_optimized_type_check action=maybe_recompile pc=0x00000215ea2187ec method=java.io.BufferedInputStream.read([BII)I @ 101 c2
Event: 108.079 Thread 0x00000215fc21d800 Uncommon trap: reason=bimorphic_or_optimized_type_check action=maybe_recompile pc=0x00000215ea2187ec method=java.io.BufferedInputStream.read([BII)I @ 101 c2
Event: 108.097 Thread 0x00000215fc21d800 Uncommon trap: reason=unstable_if action=reinterpret pc=0x00000215ea23e464 method=java.util.concurrent.locks.AbstractQueuedSynchronizer$ConditionObject.awaitNanos(J)J @ 52 c2
Event: 108.103 Thread 0x00000215fc21d800 Uncommon trap: reason=bimorphic_or_optimized_type_check action=maybe_recompile pc=0x00000215ea2187ec method=java.io.BufferedInputStream.read([BII)I @ 101 c2
Event: 109.949 Thread 0x00000215fbbea800 Uncommon trap: reason=profile_predicate action=maybe_recompile pc=0x00000215ea22a3cc method=java.lang.PublicMethods$MethodList.filter([Ljava/lang/reflect/Method;Ljava/lang/String;[Ljava/lang/Class;Z)Ljava/lang/PublicMethods$MethodList; @ 21 c2
Event: 111.139 Thread 0x00000215fbbea800 Uncommon trap: reason=unstable_if action=reinterpret pc=0x00000215ea108578 method=java.util.concurrent.ConcurrentHashMap.putVal(Ljava/lang/Object;Ljava/lang/Object;Z)Ljava/lang/Object; @ 231 c2
Event: 111.173 Thread 0x00000215fbbea800 Uncommon trap: reason=unstable_if action=reinterpret pc=0x00000215ea22c7dc method=java.lang.ClassLoader.loadClass(Ljava/lang/String;Z)Ljava/lang/Class; @ 29 c2

Classes redefined (0 events):
No events

Internal exceptions (10 events):
Event: 120.612 Thread 0x00000215fbbea800 Exception <a 'java/lang/ClassNotFoundException'{0x00000000885995f8}: java/io/InputStreamReaderBeanInfo> (0x00000000885995f8) thrown at [./open/src/hotspot/share/classfile/systemDictionary.cpp, line 226]
Event: 120.612 Thread 0x00000215fbbea800 Exception <a 'java/lang/ClassNotFoundException'{0x000000008859ef60}: java/io/ReaderBeanInfo> (0x000000008859ef60) thrown at [./open/src/hotspot/share/classfile/systemDictionary.cpp, line 226]
Event: 120.612 Thread 0x00000215fbbea800 Exception <a 'java/lang/ClassNotFoundException'{0x00000000885a48e0}: java/io/ReaderCustomizer> (0x00000000885a48e0) thrown at [./open/src/hotspot/share/classfile/systemDictionary.cpp, line 226]
Event: 120.613 Thread 0x00000215fbbea800 Exception <a 'java/lang/ClassNotFoundException'{0x00000000885af698}: java/io/InputStreamReaderCustomizer> (0x00000000885af698) thrown at [./open/src/hotspot/share/classfile/systemDictionary.cpp, line 226]
Event: 120.656 Thread 0x00000215fbbea800 Exception <a 'java/lang/ClassNotFoundException'{0x00000000885d3720}: java/io/BufferedReaderBeanInfo> (0x00000000885d3720) thrown at [./open/src/hotspot/share/classfile/systemDictionary.cpp, line 226]
Event: 120.657 Thread 0x00000215fbbea800 Exception <a 'java/lang/ClassNotFoundException'{0x00000000885d93c8}: java/io/BufferedReaderCustomizer> (0x00000000885d93c8) thrown at [./open/src/hotspot/share/classfile/systemDictionary.cpp, line 226]
Event: 120.670 Thread 0x00000215fbbea800 Exception <a 'java/lang/ClassNotFoundException'{0x0000000088310cc0}: java/lang/StringBufferBeanInfo> (0x0000000088310cc0) thrown at [./open/src/hotspot/share/classfile/systemDictionary.cpp, line 226]
Event: 120.670 Thread 0x00000215fbbea800 Exception <a 'java/lang/ClassNotFoundException'{0x00000000883166f8}: java/lang/AbstractStringBuilderBeanInfo> (0x00000000883166f8) thrown at [./open/src/hotspot/share/classfile/systemDictionary.cpp, line 226]
Event: 120.671 Thread 0x00000215fbbea800 Exception <a 'java/lang/ClassNotFoundException'{0x000000008831c268}: java/lang/AbstractStringBuilderCustomizer> (0x000000008831c268) thrown at [./open/src/hotspot/share/classfile/systemDictionary.cpp, line 226]
Event: 120.748 Thread 0x00000215fbbea800 Exception <a 'java/lang/ClassNotFoundException'{0x00000000883ff800}: java/lang/StringBufferCustomizer> (0x00000000883ff800) thrown at [./open/src/hotspot/share/classfile/systemDictionary.cpp, line 226]

Events (10 events):
Event: 120.670 loading class java/lang/AbstractStringBuilderBeanInfo
Event: 120.670 loading class java/lang/AbstractStringBuilderBeanInfo done
Event: 120.671 loading class java/lang/AbstractStringBuilderCustomizer
Event: 120.671 loading class java/lang/AbstractStringBuilderCustomizer done
Event: 120.671 loading class java/lang/AbstractStringBuilderCustomizer
Event: 120.671 loading class java/lang/AbstractStringBuilderCustomizer done
Event: 120.741 loading class java/lang/StringBufferCustomizer
Event: 120.741 loading class java/lang/StringBufferCustomizer done
Event: 120.747 loading class java/lang/StringBufferCustomizer
Event: 120.747 loading class java/lang/StringBufferCustomizer done


Dynamic libraries:
0x00007ff68f140000 - 0x00007ff68f150000 	C:\Program Files\Java\jdk-11\bin\java.exe
0x00007ffae1910000 - 0x00007ffae1b24000 	C:\WINDOWS\SYSTEM32\ntdll.dll
0x00007ffae0180000 - 0x00007ffae0244000 	C:\WINDOWS\System32\KERNEL32.DLL
0x00007ffadf200000 - 0x00007ffadf5a4000 	C:\WINDOWS\System32\KERNELBASE.dll
0x00007ffadef20000 - 0x00007ffadf031000 	C:\WINDOWS\System32\ucrtbase.dll
0x00007ffa3a910000 - 0x00007ffa3a928000 	C:\Program Files\Java\jdk-11\bin\jli.dll
0x00007ffa371f0000 - 0x00007ffa3720b000 	C:\Program Files\Java\jdk-11\bin\VCRUNTIME140.dll
0x00007ffadfbc0000 - 0x00007ffadfc70000 	C:\WINDOWS\System32\ADVAPI32.dll
0x00007ffadf960000 - 0x00007ffadfa07000 	C:\WINDOWS\System32\msvcrt.dll
0x00007ffae1690000 - 0x00007ffae1736000 	C:\WINDOWS\System32\sechost.dll
0x00007ffae1740000 - 0x00007ffae1857000 	C:\WINDOWS\System32\RPCRT4.dll
0x00007ffadfa10000 - 0x00007ffadfbbe000 	C:\WINDOWS\System32\USER32.dll
0x00007ffaded80000 - 0x00007ffadeda6000 	C:\WINDOWS\System32\win32u.dll
0x00007ffacead0000 - 0x00007ffaced63000 	C:\WINDOWS\WinSxS\amd64_microsoft.windows.common-controls_6595b64144ccf1df_6.0.22621.2215_none_270d72677387dfc3\COMCTL32.dll
0x00007ffae0150000 - 0x00007ffae0179000 	C:\WINDOWS\System32\GDI32.dll
0x00007ffadf0e0000 - 0x00007ffadf1f8000 	C:\WINDOWS\System32\gdi32full.dll
0x00007ffadf040000 - 0x00007ffadf0da000 	C:\WINDOWS\System32\msvcp_win.dll
0x00007ffad85b0000 - 0x00007ffad85ba000 	C:\WINDOWS\SYSTEM32\VERSION.dll
0x00007ffae0cc0000 - 0x00007ffae0cf1000 	C:\WINDOWS\System32\IMM32.DLL
0x00007ffa38100000 - 0x00007ffa3810c000 	C:\Program Files\Java\jdk-11\bin\vcruntime140_1.dll
0x00007ffa37160000 - 0x00007ffa371ee000 	C:\Program Files\Java\jdk-11\bin\msvcp140.dll
0x00007ffa365f0000 - 0x00007ffa37158000 	C:\Program Files\Java\jdk-11\bin\server\jvm.dll
0x00007ffae0120000 - 0x00007ffae0128000 	C:\WINDOWS\System32\PSAPI.DLL
0x00007ffad8240000 - 0x00007ffad8274000 	C:\WINDOWS\SYSTEM32\WINMM.dll
0x00007ffac5150000 - 0x00007ffac5159000 	C:\WINDOWS\SYSTEM32\WSOCK32.dll
0x00007ffae0d00000 - 0x00007ffae0d71000 	C:\WINDOWS\System32\WS2_32.dll
0x00007ffaddc80000 - 0x00007ffaddc98000 	C:\WINDOWS\SYSTEM32\kernel.appcore.dll
0x00007ffa365e0000 - 0x00007ffa365f0000 	C:\Program Files\Java\jdk-11\bin\verify.dll
0x00007ffadc710000 - 0x00007ffadc93e000 	C:\WINDOWS\SYSTEM32\DBGHELP.DLL
0x00007ffae0830000 - 0x00007ffae0bba000 	C:\WINDOWS\System32\combase.dll
0x00007ffae04f0000 - 0x00007ffae05c7000 	C:\WINDOWS\System32\OLEAUT32.dll
0x00007ffac9360000 - 0x00007ffac9392000 	C:\WINDOWS\SYSTEM32\dbgcore.DLL
0x00007ffadf5b0000 - 0x00007ffadf62a000 	C:\WINDOWS\System32\bcryptPrimitives.dll
0x00007ffa365b0000 - 0x00007ffa365d8000 	C:\Program Files\Java\jdk-11\bin\java.dll
0x00007ffa365a0000 - 0x00007ffa365aa000 	C:\Program Files\Java\jdk-11\bin\jimage.dll
0x00007ffa36570000 - 0x00007ffa36587000 	C:\Program Files\Java\jdk-11\bin\zip.dll
0x00007ffae0e10000 - 0x00007ffae1633000 	C:\WINDOWS\System32\SHELL32.dll
0x00007ffadcc00000 - 0x00007ffadd4ea000 	C:\WINDOWS\SYSTEM32\windows.storage.dll
0x00007ffadcac0000 - 0x00007ffadcbfe000 	C:\WINDOWS\SYSTEM32\wintypes.dll
0x00007ffae0250000 - 0x00007ffae0343000 	C:\WINDOWS\System32\SHCORE.dll
0x00007ffae05d0000 - 0x00007ffae062e000 	C:\WINDOWS\System32\shlwapi.dll
0x00007ffadebf0000 - 0x00007ffadec16000 	C:\WINDOWS\SYSTEM32\profapi.dll
0x00007ffaae440000 - 0x00007ffaae459000 	C:\Program Files\Java\jdk-11\bin\net.dll
0x00007ffad8100000 - 0x00007ffad8237000 	C:\WINDOWS\SYSTEM32\WINHTTP.dll
0x00007ffade150000 - 0x00007ffade1b9000 	C:\WINDOWS\system32\mswsock.dll
0x00007ffaae420000 - 0x00007ffaae432000 	C:\Program Files\Java\jdk-11\bin\nio.dll
0x00007ffab0730000 - 0x00007ffab0757000 	C:\Users\mrizk\.gradle\native\68d5fa5c4cc2d200863cafc0d521ce42e7d3e7ee720ec0a83991735586a16f82\windows-amd64\native-platform.dll
0x00007ffaab9c0000 - 0x00007ffaabb04000 	C:\Users\mrizk\.gradle\native\e376f236ea51e6404a007f0833ffe2c6e607c4080706a723a18a27aeea778392\windows-amd64\native-platform-file-events.dll
0x00007ffab05c0000 - 0x00007ffab05c9000 	C:\Program Files\Java\jdk-11\bin\management.dll
0x00007ffaae3f0000 - 0x00007ffaae3fb000 	C:\Program Files\Java\jdk-11\bin\management_ext.dll
0x00007ffade370000 - 0x00007ffade38b000 	C:\WINDOWS\SYSTEM32\CRYPTSP.dll
0x00007ffaddc40000 - 0x00007ffaddc75000 	C:\WINDOWS\system32\rsaenh.dll
0x00007ffade210000 - 0x00007ffade23c000 	C:\WINDOWS\SYSTEM32\USERENV.dll
0x00007ffade580000 - 0x00007ffade5a8000 	C:\WINDOWS\SYSTEM32\bcrypt.dll
0x00007ffade390000 - 0x00007ffade39c000 	C:\WINDOWS\SYSTEM32\CRYPTBASE.dll
0x00007ffadd750000 - 0x00007ffadd77d000 	C:\WINDOWS\SYSTEM32\IPHLPAPI.DLL
0x00007ffae0130000 - 0x00007ffae0139000 	C:\WINDOWS\System32\NSI.dll
0x00007ffad85c0000 - 0x00007ffad85d9000 	C:\WINDOWS\SYSTEM32\dhcpcsvc6.DLL
0x00007ffad7fc0000 - 0x00007ffad7fdf000 	C:\WINDOWS\SYSTEM32\dhcpcsvc.DLL
0x00007ffadd7c0000 - 0x00007ffadd8b2000 	C:\WINDOWS\SYSTEM32\DNSAPI.dll

dbghelp: loaded successfully - version: 4.0.5 - missing functions: none
symbol engine: initialized successfully - sym options: 0x614 - pdb path: .;C:\Program Files\Java\jdk-11\bin;C:\WINDOWS\SYSTEM32;C:\WINDOWS\WinSxS\amd64_microsoft.windows.common-controls_6595b64144ccf1df_6.0.22621.2215_none_270d72677387dfc3;C:\Program Files\Java\jdk-11\bin\server;C:\Users\mrizk\.gradle\native\68d5fa5c4cc2d200863cafc0d521ce42e7d3e7ee720ec0a83991735586a16f82\windows-amd64;C:\Users\mrizk\.gradle\native\e376f236ea51e6404a007f0833ffe2c6e607c4080706a723a18a27aeea778392\windows-amd64

VM Arguments:
jvm_args: -XX:MaxMetaspaceSize=512m --add-opens=java.base/java.util=ALL-UNNAMED --add-opens=java.base/java.lang=ALL-UNNAMED --add-opens=java.base/java.lang.invoke=ALL-UNNAMED --add-opens=java.prefs/java.util.prefs=ALL-UNNAMED --add-opens=java.base/java.nio.charset=ALL-UNNAMED --add-opens=java.base/java.net=ALL-UNNAMED --add-opens=java.base/java.util.concurrent.atomic=ALL-UNNAMED -Xmx2048m -Dfile.encoding=windows-1252 -Duser.country=ID -Duser.language=en -Duser.variant 
java_command: org.gradle.launcher.daemon.bootstrap.GradleDaemon 8.0.1
java_class_path (initial): C:\Users\mrizk\.gradle\wrapper\dists\gradle-8.0.1-all\aro4hu1c3oeioove7l0i4i14o\gradle-8.0.1\lib\gradle-launcher-8.0.1.jar
Launcher Type: SUN_STANDARD

[Global flags]
     intx CICompilerCount                          = 4                                         {product} {ergonomic}
   size_t CompressedClassSpaceSize                 = 528482304                                 {product} {ergonomic}
     uint ConcGCThreads                            = 3                                         {product} {ergonomic}
     uint G1ConcRefinementThreads                  = 10                                        {product} {ergonomic}
   size_t G1HeapRegionSize                         = 1048576                                   {product} {ergonomic}
    uintx GCDrainStackTargetSize                   = 64                                        {product} {ergonomic}
   size_t InitialHeapSize                          = 232783872                                 {product} {ergonomic}
   size_t MarkStackSize                            = 4194304                                   {product} {ergonomic}
   size_t MaxHeapSize                              = 2147483648                                {product} {command line}
   size_t MaxMetaspaceSize                         = 536870912                                 {product} {command line}
   size_t MaxNewSize                               = 1287651328                                {product} {ergonomic}
   size_t MinHeapDeltaBytes                        = 1048576                                   {product} {ergonomic}
    uintx NonNMethodCodeHeapSize                   = 5836300                                {pd product} {ergonomic}
    uintx NonProfiledCodeHeapSize                  = 122910970                              {pd product} {ergonomic}
    uintx ProfiledCodeHeapSize                     = 122910970                              {pd product} {ergonomic}
    uintx ReservedCodeCacheSize                    = 251658240                              {pd product} {ergonomic}
     bool SegmentedCodeCache                       = true                                      {product} {ergonomic}
     bool UseCompressedClassPointers               = true                                 {lp64_product} {ergonomic}
     bool UseCompressedOops                        = true                                 {lp64_product} {ergonomic}
     bool UseG1GC                                  = true                                      {product} {ergonomic}
     bool UseLargePagesIndividualAllocation        = false                                  {pd product} {ergonomic}

Logging:
Log output configuration:
 #0: stdout all=warning uptime,level,tags
 #1: stderr all=off uptime,level,tags

Environment Variables:
JAVA_HOME=C:\Program Files\Java\jdk-11
CLASSPATH=F:\drive-programming\00bootcamp\code\week10\tugas\recipe_rn\android\\gradle\wrapper\gradle-wrapper.jar
PATH=F:\drive-programming\00bootcamp\code\week10\tugas\recipe_rn\node_modules\.bin;F:\drive-programming\00bootcamp\code\week10\tugas\recipe_rn\node_modules\.bin;F:\drive-programming\00bootcamp\code\week10\tugas\node_modules\.bin;F:\drive-programming\00bootcamp\code\week10\node_modules\.bin;F:\drive-programming\00bootcamp\code\node_modules\.bin;F:\drive-programming\00bootcamp\node_modules\.bin;F:\drive-programming\node_modules\.bin;F:\node_modules\.bin;C:\Users\mrizk\AppData\Roaming\nvm\v18.13.0\node_modules\npm\node_modules\@npmcli\run-script\lib\node-gyp-bin;F:\drive-programming\00bootcamp\code\week10\tugas\recipe_rn\node_modules\.bin;F:\drive-programming\00bootcamp\code\week10\tugas\node_modules\.bin;F:\drive-programming\00bootcamp\code\week10\node_modules\.bin;F:\drive-programming\00bootcamp\code\node_modules\.bin;F:\drive-programming\00bootcamp\node_modules\.bin;F:\drive-programming\node_modules\.bin;F:\node_modules\.bin;C:\Users\mrizk\AppData\Roaming\nvm\v18.13.0\node_modules\npm\node_modules\@npmcli\run-script\lib\node-gyp-bin;C:\Users\mrizk\bin;C:\Program Files\Git\mingw64\bin;C:\Program Files\Git\usr\local\bin;C:\Program Files\Git\usr\bin;C:\Program Files\Git\usr\bin;C:\Program Files\Git\mingw64\bin;C:\Program Files\Git\usr\bin;C:\Users\mrizk\bin;C:\Program Files\Common Files\Oracle\Java\javapath;C:\Windows\system32;C:\Windows;C:\Windows\System32\Wbem;C:\Windows\System32\WindowsPowerShell\v1.0;C:\Windows\System32\OpenSSH;C:\Program Files (x86)\NVIDIA Corporation\PhysX\Common;C:\Program Files\Microsoft VS Code\bin;C:\Program Files\Git\cmd;C:\xampp\mysql\bin;C:\Program Files\MongoDB\Server\6.0\bin;C:\Program Files\mongosh\mongosh-1.6.0-win32-x64\bin;C:\Program Files\NVIDIA Corporation\NVIDIA NvDLISR;C:\Users\mrizk\AppData\Roaming\nvm;C:\Program Files\nodejs;C:\WINDOWS\system32;C:\WINDOWS;C:\WINDOWS\System32\Wbem;C:\WINDOWS\System32\WindowsPowerShell\v1.0;C:\WINDOWS\System32\OpenSSH;C:\Users\mrizk\AppData\Local\Android\Sdk\platform-tools;C:\Program Files\Java\jdk-
USERNAME=mrizk
SHELL=C:\Program Files\Git\usr\bin\bash.exe
DISPLAY=needs-to-be-defined
OS=Windows_NT
PROCESSOR_IDENTIFIER=AMD64 Family 25 Model 80 Stepping 0, AuthenticAMD



---------------  S Y S T E M  ---------------

OS: Windows 11 , 64 bit Build 22621 (10.0.22621.2215)
Hyper-V role detected

CPU:total 12 (initial active 12) (12 cores per cpu, 2 threads per core) family 25 model 80 stepping 0 microcode 0x0, cmov, cx8, fxsr, mmx, sse, sse2, sse3, ssse3, sse4.1, sse4.2, popcnt, avx, avx2, aes, clmul, erms, mmxext, 3dnowpref, lzcnt, sse4a, ht, tsc, tscinvbit, tscinv, bmi1, bmi2,

Memory: 4k page, system-wide physical 14188M (210M free)
TotalPageFile size 46729M (AvailPageFile size 39M)
current process WorkingSet (physical memory assigned to process): 89M, peak: 265M
current process commit charge ("private bytes"): 392M, peak: 413M

vm_info: Java HotSpot(TM) 64-Bit Server VM (11.0.18+9-LTS-195) for windows-amd64 JRE (11.0.18+9-LTS-195), built on Dec  6 2022 15:50:58 by "mach5one" with MS VC++ 17.1 (VS2022)

END.
